<?xml version="1.0" encoding="UTF-8"?>
<testsuite xmlns:xsi="http://www.w3.org/2001/XMLSchema-instance" xsi:noNamespaceSchemaLocation="https://maven.apache.org/surefire/maven-surefire-plugin/xsd/surefire-test-report.xsd" name="cn.asyysy.platform.PlatformApplicationTests" time="7.733" tests="2" errors="0" skipped="0" failures="0">
  <properties>
    <property name="sun.desktop" value="windows"/>
    <property name="awt.toolkit" value="sun.awt.windows.WToolkit"/>
    <property name="file.encoding.pkg" value="sun.io"/>
    <property name="java.specification.version" value="1.8"/>
    <property name="sun.cpu.isalist" value="amd64"/>
    <property name="sun.jnu.encoding" value="GBK"/>
    <property name="java.class.path" value="D:\codes\asyysy\webs\platform\target\test-classes;D:\codes\asyysy\webs\platform\target\classes;D:\codes\asyysy\apps\asyysy-app\target\asyysy-app-1.0-SNAPSHOT.jar;D:\develop\repo\mysql\mysql-connector-java\8.0.17\mysql-connector-java-8.0.17.jar;D:\develop\repo\org\springframework\boot\spring-boot-starter-data-redis\2.1.8.RELEASE\spring-boot-starter-data-redis-2.1.8.RELEASE.jar;D:\develop\repo\org\springframework\data\spring-data-redis\2.1.10.RELEASE\spring-data-redis-2.1.10.RELEASE.jar;D:\develop\repo\org\springframework\data\spring-data-keyvalue\2.1.10.RELEASE\spring-data-keyvalue-2.1.10.RELEASE.jar;D:\develop\repo\org\springframework\data\spring-data-commons\2.1.10.RELEASE\spring-data-commons-2.1.10.RELEASE.jar;D:\develop\repo\org\springframework\spring-tx\5.1.9.RELEASE\spring-tx-5.1.9.RELEASE.jar;D:\develop\repo\org\springframework\spring-oxm\5.1.9.RELEASE\spring-oxm-5.1.9.RELEASE.jar;D:\develop\repo\org\springframework\spring-context-support\5.1.9.RELEASE\spring-context-support-5.1.9.RELEASE.jar;D:\develop\repo\io\lettuce\lettuce-core\5.1.8.RELEASE\lettuce-core-5.1.8.RELEASE.jar;D:\develop\repo\io\netty\netty-common\4.1.39.Final\netty-common-4.1.39.Final.jar;D:\develop\repo\io\netty\netty-handler\4.1.39.Final\netty-handler-4.1.39.Final.jar;D:\develop\repo\io\netty\netty-buffer\4.1.39.Final\netty-buffer-4.1.39.Final.jar;D:\develop\repo\io\netty\netty-codec\4.1.39.Final\netty-codec-4.1.39.Final.jar;D:\develop\repo\io\netty\netty-transport\4.1.39.Final\netty-transport-4.1.39.Final.jar;D:\develop\repo\io\netty\netty-resolver\4.1.39.Final\netty-resolver-4.1.39.Final.jar;D:\develop\repo\io\projectreactor\reactor-core\3.2.12.RELEASE\reactor-core-3.2.12.RELEASE.jar;D:\develop\repo\org\reactivestreams\reactive-streams\1.0.3\reactive-streams-1.0.3.jar;D:\develop\repo\com\alibaba\fastjson\1.2.7\fastjson-1.2.7.jar;D:\develop\repo\commons-lang\commons-lang\2.6\commons-lang-2.6.jar;D:\develop\repo\com\baomidou\mybatis-plus-boot-starter\2.3\mybatis-plus-boot-starter-2.3.jar;D:\develop\repo\com\baomidou\mybatis-plus\2.3\mybatis-plus-2.3.jar;D:\develop\repo\com\baomidou\mybatis-plus-core\2.3\mybatis-plus-core-2.3.jar;D:\develop\repo\com\github\jsqlparser\jsqlparser\1.1\jsqlparser-1.1.jar;D:\develop\repo\org\mybatis\mybatis-spring\1.3.2\mybatis-spring-1.3.2.jar;D:\develop\repo\org\mybatis\mybatis\3.4.6\mybatis-3.4.6.jar;D:\develop\repo\org\springframework\boot\spring-boot-autoconfigure\2.1.8.RELEASE\spring-boot-autoconfigure-2.1.8.RELEASE.jar;D:\develop\repo\org\springframework\boot\spring-boot-starter-jdbc\2.1.8.RELEASE\spring-boot-starter-jdbc-2.1.8.RELEASE.jar;D:\develop\repo\com\zaxxer\HikariCP\3.2.0\HikariCP-3.2.0.jar;D:\develop\repo\org\springframework\spring-jdbc\5.1.9.RELEASE\spring-jdbc-5.1.9.RELEASE.jar;D:\develop\repo\log4j\log4j\1.2.17\log4j-1.2.17.jar;D:\codes\asyysy\apps\asyysy-common\target\asyysy-common-1.0-SNAPSHOT.jar;D:\develop\repo\org\projectlombok\lombok\1.18.8\lombok-1.18.8.jar;D:\develop\repo\org\springframework\spring-beans\5.1.9.RELEASE\spring-beans-5.1.9.RELEASE.jar;D:\develop\repo\org\springframework\spring-context\5.1.9.RELEASE\spring-context-5.1.9.RELEASE.jar;D:\develop\repo\org\springframework\spring-aop\5.1.9.RELEASE\spring-aop-5.1.9.RELEASE.jar;D:\develop\repo\org\springframework\spring-expression\5.1.9.RELEASE\spring-expression-5.1.9.RELEASE.jar;D:\develop\repo\com\thoughtworks\xstream\xstream\1.4.9\xstream-1.4.9.jar;D:\develop\repo\xmlpull\xmlpull\1.1.3.1\xmlpull-1.1.3.1.jar;D:\develop\repo\xpp3\xpp3_min\1.1.4c\xpp3_min-1.1.4c.jar;D:\develop\repo\dom4j\dom4j\1.6.1\dom4j-1.6.1.jar;D:\develop\repo\xml-apis\xml-apis\1.4.01\xml-apis-1.4.01.jar;D:\develop\repo\javax\servlet\javax.servlet-api\4.0.1\javax.servlet-api-4.0.1.jar;D:\develop\repo\io\jsonwebtoken\jjwt\0.9.0\jjwt-0.9.0.jar;D:\develop\repo\com\fasterxml\jackson\core\jackson-databind\2.9.9.3\jackson-databind-2.9.9.3.jar;D:\develop\repo\com\fasterxml\jackson\core\jackson-annotations\2.9.0\jackson-annotations-2.9.0.jar;D:\develop\repo\com\fasterxml\jackson\core\jackson-core\2.9.9\jackson-core-2.9.9.jar;D:\develop\repo\io\springfox\springfox-core\2.6.1\springfox-core-2.6.1.jar;D:\develop\repo\com\google\guava\guava\18.0\guava-18.0.jar;D:\develop\repo\com\fasterxml\classmate\1.4.0\classmate-1.4.0.jar;D:\develop\repo\org\slf4j\slf4j-api\1.7.28\slf4j-api-1.7.28.jar;D:\develop\repo\org\springframework\plugin\spring-plugin-core\1.2.0.RELEASE\spring-plugin-core-1.2.0.RELEASE.jar;D:\develop\repo\org\springframework\plugin\spring-plugin-metadata\1.2.0.RELEASE\spring-plugin-metadata-1.2.0.RELEASE.jar;D:\develop\repo\io\springfox\springfox-swagger2\2.6.1\springfox-swagger2-2.6.1.jar;D:\develop\repo\io\swagger\swagger-annotations\1.5.10\swagger-annotations-1.5.10.jar;D:\develop\repo\io\swagger\swagger-models\1.5.10\swagger-models-1.5.10.jar;D:\develop\repo\io\springfox\springfox-spi\2.6.1\springfox-spi-2.6.1.jar;D:\develop\repo\io\springfox\springfox-schema\2.6.1\springfox-schema-2.6.1.jar;D:\develop\repo\io\springfox\springfox-swagger-common\2.6.1\springfox-swagger-common-2.6.1.jar;D:\develop\repo\io\springfox\springfox-spring-web\2.6.1\springfox-spring-web-2.6.1.jar;D:\develop\repo\org\mapstruct\mapstruct\1.0.0.Final\mapstruct-1.0.0.Final.jar;D:\develop\repo\com\baomidou\mybatis-plus-support\2.3\mybatis-plus-support-2.3.jar;D:\develop\repo\com\baomidou\mybatis-plus-generate\2.3\mybatis-plus-generate-2.3.jar;D:\develop\repo\com\auth0\java-jwt\3.4.0\java-jwt-3.4.0.jar;D:\develop\repo\commons-codec\commons-codec\1.11\commons-codec-1.11.jar;D:\develop\repo\org\springframework\spring-webmvc\5.1.9.RELEASE\spring-webmvc-5.1.9.RELEASE.jar;D:\develop\repo\javax\mail\mail\1.4.7\mail-1.4.7.jar;D:\develop\repo\javax\activation\activation\1.1\activation-1.1.jar;D:\develop\repo\org\springframework\boot\spring-boot-starter-thymeleaf\2.1.8.RELEASE\spring-boot-starter-thymeleaf-2.1.8.RELEASE.jar;D:\develop\repo\org\springframework\boot\spring-boot-starter\2.1.8.RELEASE\spring-boot-starter-2.1.8.RELEASE.jar;D:\develop\repo\org\springframework\boot\spring-boot\2.1.8.RELEASE\spring-boot-2.1.8.RELEASE.jar;D:\develop\repo\org\springframework\boot\spring-boot-starter-logging\2.1.8.RELEASE\spring-boot-starter-logging-2.1.8.RELEASE.jar;D:\develop\repo\ch\qos\logback\logback-classic\1.2.3\logback-classic-1.2.3.jar;D:\develop\repo\ch\qos\logback\logback-core\1.2.3\logback-core-1.2.3.jar;D:\develop\repo\org\apache\logging\log4j\log4j-to-slf4j\2.11.2\log4j-to-slf4j-2.11.2.jar;D:\develop\repo\org\apache\logging\log4j\log4j-api\2.11.2\log4j-api-2.11.2.jar;D:\develop\repo\org\slf4j\jul-to-slf4j\1.7.28\jul-to-slf4j-1.7.28.jar;D:\develop\repo\javax\annotation\javax.annotation-api\1.3.2\javax.annotation-api-1.3.2.jar;D:\develop\repo\org\yaml\snakeyaml\1.23\snakeyaml-1.23.jar;D:\develop\repo\org\thymeleaf\thymeleaf-spring5\3.0.11.RELEASE\thymeleaf-spring5-3.0.11.RELEASE.jar;D:\develop\repo\org\thymeleaf\thymeleaf\3.0.11.RELEASE\thymeleaf-3.0.11.RELEASE.jar;D:\develop\repo\org\attoparser\attoparser\2.0.5.RELEASE\attoparser-2.0.5.RELEASE.jar;D:\develop\repo\org\unbescape\unbescape\1.1.6.RELEASE\unbescape-1.1.6.RELEASE.jar;D:\develop\repo\org\thymeleaf\extras\thymeleaf-extras-java8time\3.0.4.RELEASE\thymeleaf-extras-java8time-3.0.4.RELEASE.jar;D:\develop\repo\org\springframework\boot\spring-boot-starter-web\2.1.8.RELEASE\spring-boot-starter-web-2.1.8.RELEASE.jar;D:\develop\repo\org\springframework\boot\spring-boot-starter-json\2.1.8.RELEASE\spring-boot-starter-json-2.1.8.RELEASE.jar;D:\develop\repo\com\fasterxml\jackson\datatype\jackson-datatype-jdk8\2.9.9\jackson-datatype-jdk8-2.9.9.jar;D:\develop\repo\com\fasterxml\jackson\datatype\jackson-datatype-jsr310\2.9.9\jackson-datatype-jsr310-2.9.9.jar;D:\develop\repo\com\fasterxml\jackson\module\jackson-module-parameter-names\2.9.9\jackson-module-parameter-names-2.9.9.jar;D:\develop\repo\org\springframework\boot\spring-boot-starter-tomcat\2.1.8.RELEASE\spring-boot-starter-tomcat-2.1.8.RELEASE.jar;D:\develop\repo\org\apache\tomcat\embed\tomcat-embed-core\9.0.24\tomcat-embed-core-9.0.24.jar;D:\develop\repo\org\apache\tomcat\embed\tomcat-embed-el\9.0.24\tomcat-embed-el-9.0.24.jar;D:\develop\repo\org\apache\tomcat\embed\tomcat-embed-websocket\9.0.24\tomcat-embed-websocket-9.0.24.jar;D:\develop\repo\org\hibernate\validator\hibernate-validator\6.0.17.Final\hibernate-validator-6.0.17.Final.jar;D:\develop\repo\javax\validation\validation-api\2.0.1.Final\validation-api-2.0.1.Final.jar;D:\develop\repo\org\jboss\logging\jboss-logging\3.3.3.Final\jboss-logging-3.3.3.Final.jar;D:\develop\repo\org\springframework\spring-web\5.1.9.RELEASE\spring-web-5.1.9.RELEASE.jar;D:\develop\repo\org\springframework\boot\spring-boot-starter-test\2.1.8.RELEASE\spring-boot-starter-test-2.1.8.RELEASE.jar;D:\develop\repo\org\springframework\boot\spring-boot-test\2.1.8.RELEASE\spring-boot-test-2.1.8.RELEASE.jar;D:\develop\repo\org\springframework\boot\spring-boot-test-autoconfigure\2.1.8.RELEASE\spring-boot-test-autoconfigure-2.1.8.RELEASE.jar;D:\develop\repo\com\jayway\jsonpath\json-path\2.4.0\json-path-2.4.0.jar;D:\develop\repo\net\minidev\json-smart\2.3\json-smart-2.3.jar;D:\develop\repo\net\minidev\accessors-smart\1.2\accessors-smart-1.2.jar;D:\develop\repo\org\ow2\asm\asm\5.0.4\asm-5.0.4.jar;D:\develop\repo\junit\junit\4.12\junit-4.12.jar;D:\develop\repo\org\assertj\assertj-core\3.11.1\assertj-core-3.11.1.jar;D:\develop\repo\org\mockito\mockito-core\2.23.4\mockito-core-2.23.4.jar;D:\develop\repo\net\bytebuddy\byte-buddy\1.9.16\byte-buddy-1.9.16.jar;D:\develop\repo\net\bytebuddy\byte-buddy-agent\1.9.16\byte-buddy-agent-1.9.16.jar;D:\develop\repo\org\objenesis\objenesis\2.6\objenesis-2.6.jar;D:\develop\repo\org\hamcrest\hamcrest-core\1.3\hamcrest-core-1.3.jar;D:\develop\repo\org\hamcrest\hamcrest-library\1.3\hamcrest-library-1.3.jar;D:\develop\repo\org\skyscreamer\jsonassert\1.5.0\jsonassert-1.5.0.jar;D:\develop\repo\com\vaadin\external\google\android-json\0.0.20131108.vaadin1\android-json-0.0.20131108.vaadin1.jar;D:\develop\repo\org\springframework\spring-core\5.1.9.RELEASE\spring-core-5.1.9.RELEASE.jar;D:\develop\repo\org\springframework\spring-jcl\5.1.9.RELEASE\spring-jcl-5.1.9.RELEASE.jar;D:\develop\repo\org\springframework\spring-test\5.1.9.RELEASE\spring-test-5.1.9.RELEASE.jar;D:\develop\repo\org\xmlunit\xmlunit-core\2.6.3\xmlunit-core-2.6.3.jar;D:\develop\repo\org\codehaus\sonar\sonar-maven-plugin\5.1\sonar-maven-plugin-5.1.jar;"/>
    <property name="java.vm.vendor" value="Oracle Corporation"/>
    <property name="sun.arch.data.model" value="64"/>
    <property name="user.variant" value=""/>
    <property name="java.vendor.url" value="http://java.oracle.com/"/>
    <property name="user.timezone" value="Asia/Shanghai"/>
    <property name="java.vm.specification.version" value="1.8"/>
    <property name="os.name" value="Windows 10"/>
    <property name="user.country" value="CN"/>
    <property name="sun.java.launcher" value="SUN_STANDARD"/>
    <property name="sun.boot.library.path" value="D:\Program Files\Java\jdk1.8.0_231\jre\bin"/>
    <property name="sun.java.command" value="C:\Users\hyy\AppData\Local\Temp\surefire8100712597093898753\surefirebooter3379009617730689165.jar C:\Users\hyy\AppData\Local\Temp\surefire8100712597093898753 2020-02-10T08-50-18_078-jvmRun1 surefire7615117080455741889tmp surefire_07125795529958820522tmp"/>
    <property name="surefire.test.class.path" value="D:\codes\asyysy\webs\platform\target\test-classes;D:\codes\asyysy\webs\platform\target\classes;D:\codes\asyysy\apps\asyysy-app\target\asyysy-app-1.0-SNAPSHOT.jar;D:\develop\repo\mysql\mysql-connector-java\8.0.17\mysql-connector-java-8.0.17.jar;D:\develop\repo\org\springframework\boot\spring-boot-starter-data-redis\2.1.8.RELEASE\spring-boot-starter-data-redis-2.1.8.RELEASE.jar;D:\develop\repo\org\springframework\data\spring-data-redis\2.1.10.RELEASE\spring-data-redis-2.1.10.RELEASE.jar;D:\develop\repo\org\springframework\data\spring-data-keyvalue\2.1.10.RELEASE\spring-data-keyvalue-2.1.10.RELEASE.jar;D:\develop\repo\org\springframework\data\spring-data-commons\2.1.10.RELEASE\spring-data-commons-2.1.10.RELEASE.jar;D:\develop\repo\org\springframework\spring-tx\5.1.9.RELEASE\spring-tx-5.1.9.RELEASE.jar;D:\develop\repo\org\springframework\spring-oxm\5.1.9.RELEASE\spring-oxm-5.1.9.RELEASE.jar;D:\develop\repo\org\springframework\spring-context-support\5.1.9.RELEASE\spring-context-support-5.1.9.RELEASE.jar;D:\develop\repo\io\lettuce\lettuce-core\5.1.8.RELEASE\lettuce-core-5.1.8.RELEASE.jar;D:\develop\repo\io\netty\netty-common\4.1.39.Final\netty-common-4.1.39.Final.jar;D:\develop\repo\io\netty\netty-handler\4.1.39.Final\netty-handler-4.1.39.Final.jar;D:\develop\repo\io\netty\netty-buffer\4.1.39.Final\netty-buffer-4.1.39.Final.jar;D:\develop\repo\io\netty\netty-codec\4.1.39.Final\netty-codec-4.1.39.Final.jar;D:\develop\repo\io\netty\netty-transport\4.1.39.Final\netty-transport-4.1.39.Final.jar;D:\develop\repo\io\netty\netty-resolver\4.1.39.Final\netty-resolver-4.1.39.Final.jar;D:\develop\repo\io\projectreactor\reactor-core\3.2.12.RELEASE\reactor-core-3.2.12.RELEASE.jar;D:\develop\repo\org\reactivestreams\reactive-streams\1.0.3\reactive-streams-1.0.3.jar;D:\develop\repo\com\alibaba\fastjson\1.2.7\fastjson-1.2.7.jar;D:\develop\repo\commons-lang\commons-lang\2.6\commons-lang-2.6.jar;D:\develop\repo\com\baomidou\mybatis-plus-boot-starter\2.3\mybatis-plus-boot-starter-2.3.jar;D:\develop\repo\com\baomidou\mybatis-plus\2.3\mybatis-plus-2.3.jar;D:\develop\repo\com\baomidou\mybatis-plus-core\2.3\mybatis-plus-core-2.3.jar;D:\develop\repo\com\github\jsqlparser\jsqlparser\1.1\jsqlparser-1.1.jar;D:\develop\repo\org\mybatis\mybatis-spring\1.3.2\mybatis-spring-1.3.2.jar;D:\develop\repo\org\mybatis\mybatis\3.4.6\mybatis-3.4.6.jar;D:\develop\repo\org\springframework\boot\spring-boot-autoconfigure\2.1.8.RELEASE\spring-boot-autoconfigure-2.1.8.RELEASE.jar;D:\develop\repo\org\springframework\boot\spring-boot-starter-jdbc\2.1.8.RELEASE\spring-boot-starter-jdbc-2.1.8.RELEASE.jar;D:\develop\repo\com\zaxxer\HikariCP\3.2.0\HikariCP-3.2.0.jar;D:\develop\repo\org\springframework\spring-jdbc\5.1.9.RELEASE\spring-jdbc-5.1.9.RELEASE.jar;D:\develop\repo\log4j\log4j\1.2.17\log4j-1.2.17.jar;D:\codes\asyysy\apps\asyysy-common\target\asyysy-common-1.0-SNAPSHOT.jar;D:\develop\repo\org\projectlombok\lombok\1.18.8\lombok-1.18.8.jar;D:\develop\repo\org\springframework\spring-beans\5.1.9.RELEASE\spring-beans-5.1.9.RELEASE.jar;D:\develop\repo\org\springframework\spring-context\5.1.9.RELEASE\spring-context-5.1.9.RELEASE.jar;D:\develop\repo\org\springframework\spring-aop\5.1.9.RELEASE\spring-aop-5.1.9.RELEASE.jar;D:\develop\repo\org\springframework\spring-expression\5.1.9.RELEASE\spring-expression-5.1.9.RELEASE.jar;D:\develop\repo\com\thoughtworks\xstream\xstream\1.4.9\xstream-1.4.9.jar;D:\develop\repo\xmlpull\xmlpull\1.1.3.1\xmlpull-1.1.3.1.jar;D:\develop\repo\xpp3\xpp3_min\1.1.4c\xpp3_min-1.1.4c.jar;D:\develop\repo\dom4j\dom4j\1.6.1\dom4j-1.6.1.jar;D:\develop\repo\xml-apis\xml-apis\1.4.01\xml-apis-1.4.01.jar;D:\develop\repo\javax\servlet\javax.servlet-api\4.0.1\javax.servlet-api-4.0.1.jar;D:\develop\repo\io\jsonwebtoken\jjwt\0.9.0\jjwt-0.9.0.jar;D:\develop\repo\com\fasterxml\jackson\core\jackson-databind\2.9.9.3\jackson-databind-2.9.9.3.jar;D:\develop\repo\com\fasterxml\jackson\core\jackson-annotations\2.9.0\jackson-annotations-2.9.0.jar;D:\develop\repo\com\fasterxml\jackson\core\jackson-core\2.9.9\jackson-core-2.9.9.jar;D:\develop\repo\io\springfox\springfox-core\2.6.1\springfox-core-2.6.1.jar;D:\develop\repo\com\google\guava\guava\18.0\guava-18.0.jar;D:\develop\repo\com\fasterxml\classmate\1.4.0\classmate-1.4.0.jar;D:\develop\repo\org\slf4j\slf4j-api\1.7.28\slf4j-api-1.7.28.jar;D:\develop\repo\org\springframework\plugin\spring-plugin-core\1.2.0.RELEASE\spring-plugin-core-1.2.0.RELEASE.jar;D:\develop\repo\org\springframework\plugin\spring-plugin-metadata\1.2.0.RELEASE\spring-plugin-metadata-1.2.0.RELEASE.jar;D:\develop\repo\io\springfox\springfox-swagger2\2.6.1\springfox-swagger2-2.6.1.jar;D:\develop\repo\io\swagger\swagger-annotations\1.5.10\swagger-annotations-1.5.10.jar;D:\develop\repo\io\swagger\swagger-models\1.5.10\swagger-models-1.5.10.jar;D:\develop\repo\io\springfox\springfox-spi\2.6.1\springfox-spi-2.6.1.jar;D:\develop\repo\io\springfox\springfox-schema\2.6.1\springfox-schema-2.6.1.jar;D:\develop\repo\io\springfox\springfox-swagger-common\2.6.1\springfox-swagger-common-2.6.1.jar;D:\develop\repo\io\springfox\springfox-spring-web\2.6.1\springfox-spring-web-2.6.1.jar;D:\develop\repo\org\mapstruct\mapstruct\1.0.0.Final\mapstruct-1.0.0.Final.jar;D:\develop\repo\com\baomidou\mybatis-plus-support\2.3\mybatis-plus-support-2.3.jar;D:\develop\repo\com\baomidou\mybatis-plus-generate\2.3\mybatis-plus-generate-2.3.jar;D:\develop\repo\com\auth0\java-jwt\3.4.0\java-jwt-3.4.0.jar;D:\develop\repo\commons-codec\commons-codec\1.11\commons-codec-1.11.jar;D:\develop\repo\org\springframework\spring-webmvc\5.1.9.RELEASE\spring-webmvc-5.1.9.RELEASE.jar;D:\develop\repo\javax\mail\mail\1.4.7\mail-1.4.7.jar;D:\develop\repo\javax\activation\activation\1.1\activation-1.1.jar;D:\develop\repo\org\springframework\boot\spring-boot-starter-thymeleaf\2.1.8.RELEASE\spring-boot-starter-thymeleaf-2.1.8.RELEASE.jar;D:\develop\repo\org\springframework\boot\spring-boot-starter\2.1.8.RELEASE\spring-boot-starter-2.1.8.RELEASE.jar;D:\develop\repo\org\springframework\boot\spring-boot\2.1.8.RELEASE\spring-boot-2.1.8.RELEASE.jar;D:\develop\repo\org\springframework\boot\spring-boot-starter-logging\2.1.8.RELEASE\spring-boot-starter-logging-2.1.8.RELEASE.jar;D:\develop\repo\ch\qos\logback\logback-classic\1.2.3\logback-classic-1.2.3.jar;D:\develop\repo\ch\qos\logback\logback-core\1.2.3\logback-core-1.2.3.jar;D:\develop\repo\org\apache\logging\log4j\log4j-to-slf4j\2.11.2\log4j-to-slf4j-2.11.2.jar;D:\develop\repo\org\apache\logging\log4j\log4j-api\2.11.2\log4j-api-2.11.2.jar;D:\develop\repo\org\slf4j\jul-to-slf4j\1.7.28\jul-to-slf4j-1.7.28.jar;D:\develop\repo\javax\annotation\javax.annotation-api\1.3.2\javax.annotation-api-1.3.2.jar;D:\develop\repo\org\yaml\snakeyaml\1.23\snakeyaml-1.23.jar;D:\develop\repo\org\thymeleaf\thymeleaf-spring5\3.0.11.RELEASE\thymeleaf-spring5-3.0.11.RELEASE.jar;D:\develop\repo\org\thymeleaf\thymeleaf\3.0.11.RELEASE\thymeleaf-3.0.11.RELEASE.jar;D:\develop\repo\org\attoparser\attoparser\2.0.5.RELEASE\attoparser-2.0.5.RELEASE.jar;D:\develop\repo\org\unbescape\unbescape\1.1.6.RELEASE\unbescape-1.1.6.RELEASE.jar;D:\develop\repo\org\thymeleaf\extras\thymeleaf-extras-java8time\3.0.4.RELEASE\thymeleaf-extras-java8time-3.0.4.RELEASE.jar;D:\develop\repo\org\springframework\boot\spring-boot-starter-web\2.1.8.RELEASE\spring-boot-starter-web-2.1.8.RELEASE.jar;D:\develop\repo\org\springframework\boot\spring-boot-starter-json\2.1.8.RELEASE\spring-boot-starter-json-2.1.8.RELEASE.jar;D:\develop\repo\com\fasterxml\jackson\datatype\jackson-datatype-jdk8\2.9.9\jackson-datatype-jdk8-2.9.9.jar;D:\develop\repo\com\fasterxml\jackson\datatype\jackson-datatype-jsr310\2.9.9\jackson-datatype-jsr310-2.9.9.jar;D:\develop\repo\com\fasterxml\jackson\module\jackson-module-parameter-names\2.9.9\jackson-module-parameter-names-2.9.9.jar;D:\develop\repo\org\springframework\boot\spring-boot-starter-tomcat\2.1.8.RELEASE\spring-boot-starter-tomcat-2.1.8.RELEASE.jar;D:\develop\repo\org\apache\tomcat\embed\tomcat-embed-core\9.0.24\tomcat-embed-core-9.0.24.jar;D:\develop\repo\org\apache\tomcat\embed\tomcat-embed-el\9.0.24\tomcat-embed-el-9.0.24.jar;D:\develop\repo\org\apache\tomcat\embed\tomcat-embed-websocket\9.0.24\tomcat-embed-websocket-9.0.24.jar;D:\develop\repo\org\hibernate\validator\hibernate-validator\6.0.17.Final\hibernate-validator-6.0.17.Final.jar;D:\develop\repo\javax\validation\validation-api\2.0.1.Final\validation-api-2.0.1.Final.jar;D:\develop\repo\org\jboss\logging\jboss-logging\3.3.3.Final\jboss-logging-3.3.3.Final.jar;D:\develop\repo\org\springframework\spring-web\5.1.9.RELEASE\spring-web-5.1.9.RELEASE.jar;D:\develop\repo\org\springframework\boot\spring-boot-starter-test\2.1.8.RELEASE\spring-boot-starter-test-2.1.8.RELEASE.jar;D:\develop\repo\org\springframework\boot\spring-boot-test\2.1.8.RELEASE\spring-boot-test-2.1.8.RELEASE.jar;D:\develop\repo\org\springframework\boot\spring-boot-test-autoconfigure\2.1.8.RELEASE\spring-boot-test-autoconfigure-2.1.8.RELEASE.jar;D:\develop\repo\com\jayway\jsonpath\json-path\2.4.0\json-path-2.4.0.jar;D:\develop\repo\net\minidev\json-smart\2.3\json-smart-2.3.jar;D:\develop\repo\net\minidev\accessors-smart\1.2\accessors-smart-1.2.jar;D:\develop\repo\org\ow2\asm\asm\5.0.4\asm-5.0.4.jar;D:\develop\repo\junit\junit\4.12\junit-4.12.jar;D:\develop\repo\org\assertj\assertj-core\3.11.1\assertj-core-3.11.1.jar;D:\develop\repo\org\mockito\mockito-core\2.23.4\mockito-core-2.23.4.jar;D:\develop\repo\net\bytebuddy\byte-buddy\1.9.16\byte-buddy-1.9.16.jar;D:\develop\repo\net\bytebuddy\byte-buddy-agent\1.9.16\byte-buddy-agent-1.9.16.jar;D:\develop\repo\org\objenesis\objenesis\2.6\objenesis-2.6.jar;D:\develop\repo\org\hamcrest\hamcrest-core\1.3\hamcrest-core-1.3.jar;D:\develop\repo\org\hamcrest\hamcrest-library\1.3\hamcrest-library-1.3.jar;D:\develop\repo\org\skyscreamer\jsonassert\1.5.0\jsonassert-1.5.0.jar;D:\develop\repo\com\vaadin\external\google\android-json\0.0.20131108.vaadin1\android-json-0.0.20131108.vaadin1.jar;D:\develop\repo\org\springframework\spring-core\5.1.9.RELEASE\spring-core-5.1.9.RELEASE.jar;D:\develop\repo\org\springframework\spring-jcl\5.1.9.RELEASE\spring-jcl-5.1.9.RELEASE.jar;D:\develop\repo\org\springframework\spring-test\5.1.9.RELEASE\spring-test-5.1.9.RELEASE.jar;D:\develop\repo\org\xmlunit\xmlunit-core\2.6.3\xmlunit-core-2.6.3.jar;D:\develop\repo\org\codehaus\sonar\sonar-maven-plugin\5.1\sonar-maven-plugin-5.1.jar;"/>
    <property name="sun.cpu.endian" value="little"/>
    <property name="user.home" value="C:\Users\hyy"/>
    <property name="user.language" value="zh"/>
    <property name="java.specification.vendor" value="Oracle Corporation"/>
    <property name="java.home" value="D:\Program Files\Java\jdk1.8.0_231\jre"/>
    <property name="basedir" value="D:\codes\asyysy\webs\platform"/>
    <property name="file.separator" value="\"/>
    <property name="line.separator" value="&#10;"/>
    <property name="java.vm.specification.vendor" value="Oracle Corporation"/>
    <property name="java.specification.name" value="Java Platform API Specification"/>
    <property name="java.awt.graphicsenv" value="sun.awt.Win32GraphicsEnvironment"/>
    <property name="surefire.real.class.path" value="C:\Users\hyy\AppData\Local\Temp\surefire8100712597093898753\surefirebooter3379009617730689165.jar"/>
    <property name="sun.boot.class.path" value="D:\Program Files\Java\jdk1.8.0_231\jre\lib\resources.jar;D:\Program Files\Java\jdk1.8.0_231\jre\lib\rt.jar;D:\Program Files\Java\jdk1.8.0_231\jre\lib\sunrsasign.jar;D:\Program Files\Java\jdk1.8.0_231\jre\lib\jsse.jar;D:\Program Files\Java\jdk1.8.0_231\jre\lib\jce.jar;D:\Program Files\Java\jdk1.8.0_231\jre\lib\charsets.jar;D:\Program Files\Java\jdk1.8.0_231\jre\lib\jfr.jar;D:\Program Files\Java\jdk1.8.0_231\jre\classes"/>
    <property name="user.script" value=""/>
    <property name="sun.management.compiler" value="HotSpot 64-Bit Tiered Compilers"/>
    <property name="java.runtime.version" value="1.8.0_231-b11"/>
    <property name="user.name" value="hyy"/>
    <property name="path.separator" value=";"/>
    <property name="os.version" value="10.0"/>
    <property name="java.endorsed.dirs" value="D:\Program Files\Java\jdk1.8.0_231\jre\lib\endorsed"/>
    <property name="java.runtime.name" value="Java(TM) SE Runtime Environment"/>
    <property name="file.encoding" value="GBK"/>
    <property name="java.vm.name" value="Java HotSpot(TM) 64-Bit Server VM"/>
    <property name="localRepository" value="D:\develop\repo"/>
    <property name="java.vendor.url.bug" value="http://bugreport.sun.com/bugreport/"/>
    <property name="java.io.tmpdir" value="C:\Users\hyy\AppData\Local\Temp\"/>
    <property name="java.version" value="1.8.0_231"/>
    <property name="user.dir" value="D:\codes\asyysy\webs\platform"/>
    <property name="os.arch" value="amd64"/>
    <property name="java.vm.specification.name" value="Java Virtual Machine Specification"/>
    <property name="java.awt.printerjob" value="sun.awt.windows.WPrinterJob"/>
    <property name="idea.version2019.3.1" value="true"/>
    <property name="sun.os.patch.level" value=""/>
    <property name="java.library.path" value="D:\Program Files\Java\jdk1.8.0_231\jre\bin;C:\Windows\Sun\Java\bin;C:\Windows\system32;C:\Windows;C:\Program Files (x86)\Common Files\Oracle\Java\javapath;C:\Windows\system32;C:\Windows;C:\Windows\System32\Wbem;C:\Windows\System32\WindowsPowerShell\v1.0\;C:\Windows\System32\OpenSSH\;C:\Program Files\Intel\WiFi\bin\;C:\Program Files\Common Files\Intel\WirelessCommon\;C:\Program Files (x86)\NVIDIA Corporation\PhysX\Common;C:\Program Files\NVIDIA Corporation\NVIDIA NvDLISR;D:\Program Files\Git\cmd;C:\Program Files\TortoiseSVN\bin;D:\Program Files\EmEditor;D:\Program Files\Redis\;D:\Program Files\nodejs\;C:\Program Files\MySQL\MySQL Shell 8.0\bin\;D:\Program Files\python\Scripts\;D:\Program Files\python\;C:\Users\hyy\AppData\Local\Microsoft\WindowsApps;D:\develop\apache-maven-3.0.3\bin;D:\Program Files\Java\jdk1.6.0_14\bin;C:\Users\hyy\AppData\Roaming\npm;C:\Users\hyy\AppData\Local\GitHubDesktop\bin;."/>
    <property name="java.vm.info" value="mixed mode"/>
    <property name="java.vendor" value="Oracle Corporation"/>
    <property name="java.vm.version" value="25.231-b11"/>
    <property name="java.ext.dirs" value="D:\Program Files\Java\jdk1.8.0_231\jre\lib\ext;C:\Windows\Sun\Java\lib\ext"/>
    <property name="sun.io.unicode.encoding" value="UnicodeLittle"/>
    <property name="maven.repo.local" value="D:\develop\repo"/>
    <property name="java.class.version" value="52.0"/>
  </properties>
  <testcase name="getWindows7MACAddress" classname="cn.asyysy.platform.PlatformApplicationTests" time="0.686"/>
  <testcase name="contextLoads" classname="cn.asyysy.platform.PlatformApplicationTests" time="0.002"/>
</testsuite>